  main.cpp
C:\Users\Saad A\Downloads\oopProject1\oopProject1\player.h(11,16): warning C4305: 'initializing': truncation from 'double' to 'float'
C:\Users\Saad A\Downloads\oopProject1\oopProject1\player.h(24,25): warning C4244: 'argument': conversion from 'int' to 'float', possible loss of data
C:\Users\Saad A\Downloads\oopProject1\oopProject1\player.h(24,22): warning C4244: 'argument': conversion from 'int' to 'float', possible loss of data
C:\Users\Saad A\Downloads\oopProject1\oopProject1\player.h(25,25): warning C4305: 'argument': truncation from 'double' to 'float'
C:\Users\Saad A\Downloads\oopProject1\oopProject1\player.h(25,19): warning C4305: 'argument': truncation from 'double' to 'float'
C:\Users\Saad A\Downloads\oopProject1\oopProject1\game.h(69,28): warning C4305: 'argument': truncation from 'double' to 'float'
C:\Users\Saad A\Downloads\oopProject1\oopProject1\game.h(69,23): warning C4305: 'argument': truncation from 'double' to 'float'
C:\Users\Saad A\Downloads\oopProject1\oopProject1\game.h(85,19): warning C4244: 'argument': conversion from 'time_t' to 'unsigned int', possible loss of data
C:\Users\Saad A\Downloads\oopProject1\oopProject1\game.h(108,46): warning C4305: 'argument': truncation from 'double' to 'float'
C:\Users\Saad A\Downloads\oopProject1\oopProject1\game.h(108,40): warning C4305: 'argument': truncation from 'double' to 'float'
C:\Users\Saad A\Downloads\oopProject1\oopProject1\game.h(122,46): warning C4305: 'argument': truncation from 'double' to 'float'
C:\Users\Saad A\Downloads\oopProject1\oopProject1\game.h(122,40): warning C4305: 'argument': truncation from 'double' to 'float'
C:\Users\Saad A\Downloads\oopProject1\oopProject1\game.h(136,46): warning C4305: 'argument': truncation from 'double' to 'float'
C:\Users\Saad A\Downloads\oopProject1\oopProject1\game.h(136,40): warning C4305: 'argument': truncation from 'double' to 'float'
C:\Users\Saad A\Downloads\oopProject1\oopProject1\game.h(149,46): warning C4305: 'argument': truncation from 'double' to 'float'
C:\Users\Saad A\Downloads\oopProject1\oopProject1\game.h(149,40): warning C4305: 'argument': truncation from 'double' to 'float'
C:\Users\Saad A\Downloads\oopProject1\oopProject1\menu.h(14,27): warning C4305: 'argument': truncation from 'double' to 'float'
C:\Users\Saad A\Downloads\oopProject1\oopProject1\menu.h(14,22): warning C4305: 'argument': truncation from 'double' to 'float'
C:\Users\Saad A\Downloads\oopProject1\oopProject1\menu.h(41,24): warning C4305: 'argument': truncation from 'double' to 'float'
C:\Users\Saad A\Downloads\oopProject1\oopProject1\menu.h(41,18): warning C4305: 'argument': truncation from 'double' to 'float'
C:\Users\Saad A\Downloads\oopProject1\oopProject1\menu.h(79,13): warning C4244: 'argument': conversion from 'time_t' to 'unsigned int', possible loss of data
C:\Users\Saad A\Downloads\oopProject1\oopProject1\menu.h(238,59): warning C4244: 'argument': conversion from 'int' to 'float', possible loss of data
C:\Users\Saad A\Downloads\oopProject1\oopProject1\menu.h(238,40): warning C4244: 'argument': conversion from 'int' to 'float', possible loss of data
C:\Users\Saad A\Downloads\oopProject1\oopProject1\menu.h(205,42): warning C4390: ';': empty controlled statement found; is this the intent?
C:\Users\Saad A\Downloads\oopProject1\oopProject1\menu.h(207,49): warning C4390: ';': empty controlled statement found; is this the intent?
C:\Users\Saad A\Downloads\oopProject1\oopProject1\menu.h(234,46): warning C4390: ';': empty controlled statement found; is this the intent?
  Generating code
  1 of 144 functions ( 0.7%) were compiled, the rest were copied from previous compilation.
    0 functions were new in current compilation
    2 functions had inline decision re-evaluated but remain unchanged
  Finished generating code
  OOP-Fall-Project.vcxproj -> C:\Users\Saad A\source\repos\OOP-Fall-Project\x64\Release\OOP-Fall-Project.exe
